\BOOKMARK [1][-]{section.1}{Introduction}{}% 1
\BOOKMARK [1][-]{section.2}{Project Goals}{}% 2
\BOOKMARK [2][-]{subsection.2.1}{Targets}{section.2}% 3
\BOOKMARK [1][-]{section.3}{Team}{}% 4
\BOOKMARK [1][-]{section.4}{Documentation Guidelines}{}% 5
\BOOKMARK [2][-]{subsection.4.1}{Project Documentation}{section.4}% 6
\BOOKMARK [2][-]{subsection.4.2}{Work Documentation}{section.4}% 7
\BOOKMARK [3][-]{subsubsection.4.2.1}{Development Documentation}{subsection.4.2}% 8
\BOOKMARK [1][-]{section.5}{Preconditions}{}% 9
\BOOKMARK [2][-]{subsection.5.1}{General Preconditions}{section.5}% 10
\BOOKMARK [3][-]{subsubsection.5.1.1}{GitHub}{subsection.5.1}% 11
\BOOKMARK [2][-]{subsection.5.2}{Technical Preconditions}{section.5}% 12
\BOOKMARK [3][-]{subsubsection.5.2.1}{Unity}{subsection.5.2}% 13
\BOOKMARK [1][-]{section.6}{Requirements}{}% 14
\BOOKMARK [2][-]{subsection.6.1}{Functionality}{section.6}% 15
\BOOKMARK [3][-]{subsubsection.6.1.1}{Artificial Intelligence}{subsection.6.1}% 16
\BOOKMARK [3][-]{subsubsection.6.1.2}{Character}{subsection.6.1}% 17
\BOOKMARK [3][-]{subsubsection.6.1.3}{Effects}{subsection.6.1}% 18
\BOOKMARK [3][-]{subsubsection.6.1.4}{Resources}{subsection.6.1}% 19
\BOOKMARK [3][-]{subsubsection.6.1.5}{Items}{subsection.6.1}% 20
\BOOKMARK [3][-]{subsubsection.6.1.6}{Inventory}{subsection.6.1}% 21
\BOOKMARK [3][-]{subsubsection.6.1.7}{Attributes}{subsection.6.1}% 22
\BOOKMARK [3][-]{subsubsection.6.1.8}{Player}{subsection.6.1}% 23
\BOOKMARK [2][-]{subsection.6.2}{Specifications}{section.6}% 24
\BOOKMARK [3][-]{subsubsection.6.2.1}{Cross-Platform}{subsection.6.2}% 25
\BOOKMARK [3][-]{subsubsection.6.2.2}{Extendable}{subsection.6.2}% 26
\BOOKMARK [3][-]{subsubsection.6.2.3}{Multiplayer Ready}{subsection.6.2}% 27
\BOOKMARK [1][-]{section.7}{Architecture}{}% 28
\BOOKMARK [1][-]{section.8}{Implementation}{}% 29
