\BOOKMARK [1][-]{section.1}{Introduction}{}% 1
\BOOKMARK [1][-]{section.2}{Project Goals}{}% 2
\BOOKMARK [2][-]{subsection.2.1}{Targets}{section.2}% 3
\BOOKMARK [1][-]{section.3}{Functional Specifications}{}% 4
\BOOKMARK [2][-]{subsection.3.1}{/FS10/ Artificial Intelligence}{section.3}% 5
\BOOKMARK [2][-]{subsection.3.2}{/FS20/ Character}{section.3}% 6
\BOOKMARK [3][-]{subsubsection.3.2.1}{/FS20.1/ Movement}{subsection.3.2}% 7
\BOOKMARK [3][-]{subsubsection.3.2.2}{/FS20.2/ Levelling}{subsection.3.2}% 8
\BOOKMARK [2][-]{subsection.3.3}{/FS30/ Effects}{section.3}% 9
\BOOKMARK [3][-]{subsubsection.3.3.1}{/FS30.1/ Attack}{subsection.3.3}% 10
\BOOKMARK [2][-]{subsection.3.4}{/FS40/ Resources}{section.3}% 11
\BOOKMARK [2][-]{subsection.3.5}{/FS41/ Items}{section.3}% 12
\BOOKMARK [2][-]{subsection.3.6}{/FS42/ Inventory}{section.3}% 13
\BOOKMARK [2][-]{subsection.3.7}{/FR50/ Attributes}{section.3}% 14
\BOOKMARK [2][-]{subsection.3.8}{/FR60/ Player}{section.3}% 15
\BOOKMARK [1][-]{section.4}{Usability Specifications}{}% 16
\BOOKMARK [2][-]{subsection.4.1}{/US10/ Minimalist User Interface}{section.4}% 17
\BOOKMARK [1][-]{section.5}{Technical Specifications}{}% 18
\BOOKMARK [2][-]{subsection.5.1}{/TS10/ Cross-Platform}{section.5}% 19
\BOOKMARK [2][-]{subsection.5.2}{/TS20/ Extendable}{section.5}% 20
\BOOKMARK [2][-]{subsection.5.3}{/TS30/ Multiplayer Ready}{section.5}% 21
\BOOKMARK [1][-]{section.6}{Quality}{}% 22
