\BOOKMARK [1][-]{section.1}{Introduction}{}% 1
\BOOKMARK [1][-]{section.2}{Project Goals}{}% 2
\BOOKMARK [1][-]{section.3}{Functional Requirements}{}% 3
\BOOKMARK [2][-]{subsection.3.1}{/FR10/ Artificial Intelligence}{section.3}% 4
\BOOKMARK [2][-]{subsection.3.2}{/FR20/ Character}{section.3}% 5
\BOOKMARK [2][-]{subsection.3.3}{/FR21/ Movement}{section.3}% 6
\BOOKMARK [2][-]{subsection.3.4}{/FR22/ Levelling}{section.3}% 7
\BOOKMARK [2][-]{subsection.3.5}{/FR30/ Effects}{section.3}% 8
\BOOKMARK [2][-]{subsection.3.6}{/FR40/ Items}{section.3}% 9
\BOOKMARK [2][-]{subsection.3.7}{/FR41/ Inventory}{section.3}% 10
\BOOKMARK [2][-]{subsection.3.8}{/FR42/ Item Interaction}{section.3}% 11
\BOOKMARK [2][-]{subsection.3.9}{/FR50/ Attributes}{section.3}% 12
\BOOKMARK [1][-]{section.4}{Usability Requirements}{}% 13
\BOOKMARK [2][-]{subsection.4.1}{/UR10/ Minimalist User Interface}{section.4}% 14
\BOOKMARK [1][-]{section.5}{Technical Requirements}{}% 15
\BOOKMARK [2][-]{subsection.5.1}{/TR10/ Cross-Platform}{section.5}% 16
\BOOKMARK [2][-]{subsection.5.2}{/TR20/ Extendable}{section.5}% 17
\BOOKMARK [2][-]{subsection.5.3}{/TR30/ Scalable}{section.5}% 18
\BOOKMARK [2][-]{subsection.5.4}{/TR40/ Multiplayer Ready}{section.5}% 19
\BOOKMARK [1][-]{section.6}{Quality}{}% 20
\BOOKMARK [1][-]{section.7}{Conclusion}{}% 21
